{"uuid":"a6ad4b45-a3bf-44b9-ab56-fe1e201d5c23","historyId":"69f40aeca2751b4e330eb1c060f3c5d1","testCaseId":"[engine:junit-jupiter]/[class:dion_tests.tests.SmokeTest]/[method:shouldPassSmokeTest()]","testCaseName":"SMOKE: Полный проход по системе","fullName":"dion_tests.tests.SmokeTest.shouldPassSmokeTest","labels":[{"name":"junit.platform.uniqueid","value":"[engine:junit-jupiter]/[class:dion_tests.tests.SmokeTest]/[method:shouldPassSmokeTest()]"},{"name":"epic","value":"Smoke"},{"name":"feature","value":"Полный обход"},{"name":"story","value":"Smoke Test: Полный обход функционала"},{"name":"host","value":"annanitro"},{"name":"thread","value":"3484@annanitro.main(1)"},{"name":"framework","value":"junit-platform"},{"name":"language","value":"java"},{"name":"package","value":"dion_tests.tests.SmokeTest"},{"name":"testClass","value":"dion_tests.tests.SmokeTest"},{"name":"testMethod","value":"shouldPassSmokeTest"},{"name":"suite","value":"dion_tests.tests.SmokeTest"}],"links":[],"name":"SMOKE: Полный проход по системе","status":"failed","statusDetails":{"known":false,"muted":false,"flaky":false,"message":"Invalid element state [by text: Вы подписаны]: element click intercepted: Element <span class=\"button-content\" style=\"overflow: hidden; text-overflow: ellipsis; white-space: nowrap;\">...</span> is not clickable at point (1447, 366). Other element would receive the click: <button class=\"MuiButtonBase-root MuiButton-root MuiButton-color MuiButton-colorSuccess MuiButton-sizeM MuiButton-colorSizeM MuiButton-colorSuccess MuiButton-fullWidth MuiButton-root MuiButton-color MuiButton-colorSuccess MuiButton-sizeM MuiButton-colorSizeM MuiButton-colorSuccess MuiButton-fullWidth button-size-m css-j0fo1k\" tabindex=\"0\" type=\"button\" originalchildren=\"Вы подписаны\">...</button>\r\nScreenshot: file:/C:/Dion_tests/dion_tests/build/reports/tests/1745752897541.0.png\r\nPage source: file:/C:/Dion_tests/dion_tests/build/reports/tests/1745752897541.0.html\r\nTimeout: 10 s.\r\nCaused by: ElementClickInterceptedException: element click intercepted: Element <span class=\"button-content\" style=\"overflow: hidden; text-overflow: ellipsis; white-space: nowrap;\">...</span> is not clickable at point (1447, 366). Other element would receive the click: <button class=\"MuiButtonBase-root MuiButton-root MuiButton-color MuiButton-colorSuccess MuiButton-sizeM MuiButton-colorSizeM MuiButton-colorSuccess MuiButton-fullWidth MuiButton-root MuiButton-color MuiButton-colorSuccess MuiButton-sizeM MuiButton-colorSizeM MuiButton-colorSuccess MuiButton-fullWidth button-size-m css-j0fo1k\" tabindex=\"0\" type=\"button\" originalchildren=\"Вы подписаны\">...</button>","trace":"Invalid element state [by text: Вы подписаны]: element click intercepted: Element <span class=\"button-content\" style=\"overflow: hidden; text-overflow: ellipsis; white-space: nowrap;\">...</span> is not clickable at point (1447, 366). Other element would receive the click: <button class=\"MuiButtonBase-root MuiButton-root MuiButton-color MuiButton-colorSuccess MuiButton-sizeM MuiButton-colorSizeM MuiButton-colorSuccess MuiButton-fullWidth MuiButton-root MuiButton-color MuiButton-colorSuccess MuiButton-sizeM MuiButton-colorSizeM MuiButton-colorSuccess MuiButton-fullWidth button-size-m css-j0fo1k\" tabindex=\"0\" type=\"button\" originalchildren=\"Вы подписаны\">...</button>\r\nScreenshot: file:/C:/Dion_tests/dion_tests/build/reports/tests/1745752897541.0.png\r\nPage source: file:/C:/Dion_tests/dion_tests/build/reports/tests/1745752897541.0.html\r\nTimeout: 10 s.\r\nCaused by: ElementClickInterceptedException: element click intercepted: Element <span class=\"button-content\" style=\"overflow: hidden; text-overflow: ellipsis; white-space: nowrap;\">...</span> is not clickable at point (1447, 366). Other element would receive the click: <button class=\"MuiButtonBase-root MuiButton-root MuiButton-color MuiButton-colorSuccess MuiButton-sizeM MuiButton-colorSizeM MuiButton-colorSuccess MuiButton-fullWidth MuiButton-root MuiButton-color MuiButton-colorSuccess MuiButton-sizeM MuiButton-colorSizeM MuiButton-colorSuccess MuiButton-fullWidth button-size-m css-j0fo1k\" tabindex=\"0\" type=\"button\" originalchildren=\"Вы подписаны\">...</button>\r\n\tat com.codeborne.selenide.impl.ExceptionWrapper.wrap(ExceptionWrapper.java:26)\r\n\tat com.codeborne.selenide.impl.SelenideElementProxy.dispatchAndRetry(SelenideElementProxy.java:154)\r\n\tat com.codeborne.selenide.impl.SelenideElementProxy.invoke(SelenideElementProxy.java:84)\r\n\tat jdk.proxy2/jdk.proxy2.$Proxy17.click(Unknown Source)\r\n\tat dion_tests.pages.ChannelPage.unsubscribeFromChannel(ChannelPage.java:81)\r\n\tat dion_tests.tests.SmokeTest.checkChannelElementsAndSubscribe(SmokeTest.java:93)\r\n\tat dion_tests.tests.SmokeTest.shouldPassSmokeTest(SmokeTest.java:35)\r\n\tat java.base/jdk.internal.reflect.DirectMethodHandleAccessor.invoke(DirectMethodHandleAccessor.java:103)\r\n\tat java.base/java.lang.reflect.Method.invoke(Method.java:580)\r\n\tat org.junit.platform.commons.util.ReflectionUtils.invokeMethod(ReflectionUtils.java:727)\r\n\tat org.junit.jupiter.engine.execution.MethodInvocation.proceed(MethodInvocation.java:60)\r\n\tat org.junit.jupiter.engine.execution.InvocationInterceptorChain$ValidatingInvocation.proceed(InvocationInterceptorChain.java:131)\r\n\tat org.junit.jupiter.api.extension.InvocationInterceptor.interceptTestMethod(InvocationInterceptor.java:118)\r\n\tat org.junit.jupiter.engine.execution.InterceptingExecutableInvoker$ReflectiveInterceptorCall.lambda$ofVoidMethod$0(InterceptingExecutableInvoker.java:103)\r\n\tat org.junit.jupiter.engine.execution.InterceptingExecutableInvoker.lambda$invoke$0(InterceptingExecutableInvoker.java:93)\r\n\tat org.junit.jupiter.engine.execution.InvocationInterceptorChain$InterceptedInvocation.proceed(InvocationInterceptorChain.java:106)\r\n\tat org.junit.jupiter.engine.extension.TimeoutExtension.intercept(TimeoutExtension.java:156)\r\n\tat org.junit.jupiter.engine.extension.TimeoutExtension.interceptTestableMethod(TimeoutExtension.java:147)\r\n\tat org.junit.jupiter.engine.extension.TimeoutExtension.interceptTestMethod(TimeoutExtension.java:86)\r\n\tat org.junit.jupiter.engine.execution.InterceptingExecutableInvoker$ReflectiveInterceptorCall.lambda$ofVoidMethod$0(InterceptingExecutableInvoker.java:103)\r\n\tat org.junit.jupiter.engine.execution.InterceptingExecutableInvoker.lambda$invoke$0(InterceptingExecutableInvoker.java:93)\r\n\tat org.junit.jupiter.engine.execution.InvocationInterceptorChain$InterceptedInvocation.proceed(InvocationInterceptorChain.java:106)\r\n\tat org.junit.jupiter.engine.execution.InvocationInterceptorChain.proceed(InvocationInterceptorChain.java:64)\r\n\tat org.junit.jupiter.engine.execution.InvocationInterceptorChain.chainAndInvoke(InvocationInterceptorChain.java:45)\r\n\tat org.junit.jupiter.engine.execution.InvocationInterceptorChain.invoke(InvocationInterceptorChain.java:37)\r\n\tat org.junit.jupiter.engine.execution.InterceptingExecutableInvoker.invoke(InterceptingExecutableInvoker.java:92)\r\n\tat org.junit.jupiter.engine.execution.InterceptingExecutableInvoker.invoke(InterceptingExecutableInvoker.java:86)\r\n\tat org.junit.jupiter.engine.descriptor.TestMethodTestDescriptor.lambda$invokeTestMethod$7(TestMethodTestDescriptor.java:217)\r\n\tat org.junit.platform.engine.support.hierarchical.ThrowableCollector.execute(ThrowableCollector.java:73)\r\n\tat org.junit.jupiter.engine.descriptor.TestMethodTestDescriptor.invokeTestMethod(TestMethodTestDescriptor.java:213)\r\n\tat org.junit.jupiter.engine.descriptor.TestMethodTestDescriptor.execute(TestMethodTestDescriptor.java:138)\r\n\tat org.junit.jupiter.engine.descriptor.TestMethodTestDescriptor.execute(TestMethodTestDescriptor.java:68)\r\n\tat org.junit.platform.engine.support.hierarchical.NodeTestTask.lambda$executeRecursively$6(NodeTestTask.java:151)\r\n\tat org.junit.platform.engine.support.hierarchical.ThrowableCollector.execute(ThrowableCollector.java:73)\r\n\tat org.junit.platform.engine.support.hierarchical.NodeTestTask.lambda$executeRecursively$8(NodeTestTask.java:141)\r\n\tat org.junit.platform.engine.support.hierarchical.Node.around(Node.java:137)\r\n\tat org.junit.platform.engine.support.hierarchical.NodeTestTask.lambda$executeRecursively$9(NodeTestTask.java:139)\r\n\tat org.junit.platform.engine.support.hierarchical.ThrowableCollector.execute(ThrowableCollector.java:73)\r\n\tat org.junit.platform.engine.support.hierarchical.NodeTestTask.executeRecursively(NodeTestTask.java:138)\r\n\tat org.junit.platform.engine.support.hierarchical.NodeTestTask.execute(NodeTestTask.java:95)\r\n\tat java.base/java.util.ArrayList.forEach(ArrayList.java:1597)\r\n\tat org.junit.platform.engine.support.hierarchical.SameThreadHierarchicalTestExecutorService.invokeAll(SameThreadHierarchicalTestExecutorService.java:41)\r\n\tat org.junit.platform.engine.support.hierarchical.NodeTestTask.lambda$executeRecursively$6(NodeTestTask.java:155)\r\n\tat org.junit.platform.engine.support.hierarchical.ThrowableCollector.execute(ThrowableCollector.java:73)\r\n\tat org.junit.platform.engine.support.hierarchical.NodeTestTask.lambda$executeRecursively$8(NodeTestTask.java:141)\r\n\tat org.junit.platform.engine.support.hierarchical.Node.around(Node.java:137)\r\n\tat org.junit.platform.engine.support.hierarchical.NodeTestTask.lambda$executeRecursively$9(NodeTestTask.java:139)\r\n\tat org.junit.platform.engine.support.hierarchical.ThrowableCollector.execute(ThrowableCollector.java:73)\r\n\tat org.junit.platform.engine.support.hierarchical.NodeTestTask.executeRecursively(NodeTestTask.java:138)\r\n\tat org.junit.platform.engine.support.hierarchical.NodeTestTask.execute(NodeTestTask.java:95)\r\n\tat java.base/java.util.ArrayList.forEach(ArrayList.java:1597)\r\n\tat org.junit.platform.engine.support.hierarchical.SameThreadHierarchicalTestExecutorService.invokeAll(SameThreadHierarchicalTestExecutorService.java:41)\r\n\tat org.junit.platform.engine.support.hierarchical.NodeTestTask.lambda$executeRecursively$6(NodeTestTask.java:155)\r\n\tat org.junit.platform.engine.support.hierarchical.ThrowableCollector.execute(ThrowableCollector.java:73)\r\n\tat org.junit.platform.engine.support.hierarchical.NodeTestTask.lambda$executeRecursively$8(NodeTestTask.java:141)\r\n\tat org.junit.platform.engine.support.hierarchical.Node.around(Node.java:137)\r\n\tat org.junit.platform.engine.support.hierarchical.NodeTestTask.lambda$executeRecursively$9(NodeTestTask.java:139)\r\n\tat org.junit.platform.engine.support.hierarchical.ThrowableCollector.execute(ThrowableCollector.java:73)\r\n\tat org.junit.platform.engine.support.hierarchical.NodeTestTask.executeRecursively(NodeTestTask.java:138)\r\n\tat org.junit.platform.engine.support.hierarchical.NodeTestTask.execute(NodeTestTask.java:95)\r\n\tat org.junit.platform.engine.support.hierarchical.SameThreadHierarchicalTestExecutorService.submit(SameThreadHierarchicalTestExecutorService.java:35)\r\n\tat org.junit.platform.engine.support.hierarchical.HierarchicalTestExecutor.execute(HierarchicalTestExecutor.java:57)\r\n\tat org.junit.platform.engine.support.hierarchical.HierarchicalTestEngine.execute(HierarchicalTestEngine.java:54)\r\n\tat org.junit.platform.launcher.core.EngineExecutionOrchestrator.execute(EngineExecutionOrchestrator.java:147)\r\n\tat org.junit.platform.launcher.core.EngineExecutionOrchestrator.execute(EngineExecutionOrchestrator.java:127)\r\n\tat org.junit.platform.launcher.core.EngineExecutionOrchestrator.execute(EngineExecutionOrchestrator.java:90)\r\n\tat org.junit.platform.launcher.core.EngineExecutionOrchestrator.lambda$execute$0(EngineExecutionOrchestrator.java:55)\r\n\tat org.junit.platform.launcher.core.EngineExecutionOrchestrator.withInterceptedStreams(EngineExecutionOrchestrator.java:102)\r\n\tat org.junit.platform.launcher.core.EngineExecutionOrchestrator.execute(EngineExecutionOrchestrator.java:54)\r\n\tat org.junit.platform.launcher.core.DefaultLauncher.execute(DefaultLauncher.java:114)\r\n\tat org.junit.platform.launcher.core.DefaultLauncher.execute(DefaultLauncher.java:86)\r\n\tat org.junit.platform.launcher.core.DefaultLauncherSession$DelegatingLauncher.execute(DefaultLauncherSession.java:86)\r\n\tat org.junit.platform.launcher.core.SessionPerRequestLauncher.execute(SessionPerRequestLauncher.java:53)\r\n\tat org.apache.maven.surefire.junitplatform.JUnitPlatformProvider.invokeAllTests(JUnitPlatformProvider.java:142)\r\n\tat org.apache.maven.surefire.junitplatform.JUnitPlatformProvider.invoke(JUnitPlatformProvider.java:117)\r\n\tat org.apache.maven.surefire.booter.ForkedBooter.invokeProviderInSameClassLoader(ForkedBooter.java:384)\r\n\tat org.apache.maven.surefire.booter.ForkedBooter.runSuitesInProcess(ForkedBooter.java:345)\r\n\tat org.apache.maven.surefire.booter.ForkedBooter.execute(ForkedBooter.java:126)\r\n\tat org.apache.maven.surefire.booter.ForkedBooter.main(ForkedBooter.java:418)\r\nCaused by: org.openqa.selenium.ElementClickInterceptedException: element click intercepted: Element <span class=\"button-content\" style=\"overflow: hidden; text-overflow: ellipsis; white-space: nowrap;\">...</span> is not clickable at point (1447, 366). Other element would receive the click: <button class=\"MuiButtonBase-root MuiButton-root MuiButton-color MuiButton-colorSuccess MuiButton-sizeM MuiButton-colorSizeM MuiButton-colorSuccess MuiButton-fullWidth MuiButton-root MuiButton-color MuiButton-colorSuccess MuiButton-sizeM MuiButton-colorSizeM MuiButton-colorSuccess MuiButton-fullWidth button-size-m css-j0fo1k\" tabindex=\"0\" type=\"button\" originalchildren=\"Вы подписаны\">...</button>\n  (Session info: chrome=135.0.7049.115)\nBuild info: version: '4.11.0', revision: '040bc5406b'\nSystem info: os.name: 'Windows 11', os.arch: 'amd64', os.version: '10.0', java.version: '23.0.2'\nDriver info: org.openqa.selenium.chrome.ChromeDriver\nCommand: [759f58436eea8acf7b722625cbf3a9c0, clickElement {id=f.38C7AC65B81A41DDB8FC671C41978B22.d.BABFE81123A2CFEC9F75EF3603EBDEA0.e.442}]\nCapabilities {acceptInsecureCerts: true, browserName: chrome, browserVersion: 135.0.7049.115, chrome: {chromedriverVersion: 135.0.7049.114 (63fd8a7d9d0..., userDataDir: C:/temp/test-profile}, fedcm:accounts: true, goog:chromeOptions: {debuggerAddress: localhost:60924}, networkConnectionEnabled: false, pageLoadStrategy: normal, platformName: windows, proxy: Proxy(), se:cdp: ws://localhost:60924/devtoo..., se:cdpVersion: 135.0.7049.115, setWindowRect: true, strictFileInteractability: false, timeouts: {implicit: 0, pageLoad: 300000, script: 30000}, unhandledPromptBehavior: accept, webauthn:extension:credBlob: true, webauthn:extension:largeBlob: true, webauthn:extension:minPinLength: true, webauthn:extension:prf: true, webauthn:virtualAuthenticators: true}\nElement: [[ChromeDriver: chrome on windows (759f58436eea8acf7b722625cbf3a9c0)] -> xpath: .//*/text()[normalize-space(translate(string(.), '\t\n\r ', '    ')) = \"Вы подписаны\"]/parent::*]\nSession ID: 759f58436eea8acf7b722625cbf3a9c0\r\n\tat java.base/jdk.internal.reflect.DirectConstructorHandleAccessor.newInstance(DirectConstructorHandleAccessor.java:62)\r\n\tat java.base/java.lang.reflect.Constructor.newInstanceWithCaller(Constructor.java:501)\r\n\tat java.base/java.lang.reflect.Constructor.newInstance(Constructor.java:485)\r\n\tat org.openqa.selenium.remote.codec.w3c.W3CHttpResponseCodec.createException(W3CHttpResponseCodec.java:200)\r\n\tat org.openqa.selenium.remote.codec.w3c.W3CHttpResponseCodec.decode(W3CHttpResponseCodec.java:133)\r\n\tat org.openqa.selenium.remote.codec.w3c.W3CHttpResponseCodec.decode(W3CHttpResponseCodec.java:52)\r\n\tat org.openqa.selenium.remote.HttpCommandExecutor.execute(HttpCommandExecutor.java:191)\r\n\tat org.openqa.selenium.remote.service.DriverCommandExecutor.invokeExecute(DriverCommandExecutor.java:196)\r\n\tat org.openqa.selenium.remote.service.DriverCommandExecutor.execute(DriverCommandExecutor.java:171)\r\n\tat org.openqa.selenium.remote.RemoteWebDriver.execute(RemoteWebDriver.java:518)\r\n\tat org.openqa.selenium.remote.RemoteWebElement.execute(RemoteWebElement.java:224)\r\n\tat org.openqa.selenium.remote.RemoteWebElement.click(RemoteWebElement.java:77)\r\n\tat com.codeborne.selenide.commands.Click.defaultClick(Click.java:97)\r\n\tat com.codeborne.selenide.commands.Click.click(Click.java:54)\r\n\tat com.codeborne.selenide.commands.Click.execute(Click.java:31)\r\n\tat com.codeborne.selenide.commands.Click.execute(Click.java:21)\r\n\tat com.codeborne.selenide.commands.Commands.execute(Commands.java:163)\r\n\tat com.codeborne.selenide.impl.SelenideElementProxy.dispatchAndRetry(SelenideElementProxy.java:132)\r\n\t... 77 more\r\n"},"stage":"finished","description":"","steps":[{"name":"$(\"open\") https://frontend-test.dev.dion.vc/video/all","status":"passed","stage":"finished","steps":[],"attachments":[],"parameters":[],"start":1745752854469,"stop":1745752854790},{"name":"$(\"by text: Выберите фильтр\") scroll into view(true)","status":"passed","stage":"finished","steps":[],"attachments":[],"parameters":[],"start":1745752854792,"stop":1745752855927},{"name":"$(\"by text: Выберите фильтр\") click()","status":"passed","stage":"finished","steps":[],"attachments":[],"parameters":[],"start":1745752855927,"stop":1745752855993},{"name":"$(\"by text: Мои подписки\") should be(visible)","status":"passed","stage":"finished","steps":[],"attachments":[],"parameters":[],"start":1745752855993,"stop":1745752856026},{"name":"$(\"by text: Мои подписки\") click()","status":"passed","stage":"finished","steps":[],"attachments":[],"parameters":[],"start":1745752856026,"stop":1745752856121},{"name":"$(\"by text: Еще не просмотренные\") should be(visible)","status":"passed","stage":"finished","steps":[],"attachments":[],"parameters":[],"start":1745752856122,"stop":1745752856148},{"name":"$(\"by text: Еще не просмотренные\") click()","status":"passed","stage":"finished","steps":[],"attachments":[],"parameters":[],"start":1745752856148,"stop":1745752856339},{"name":"$(\"by text: Сбросить фильтры\") should be(visible)","status":"passed","stage":"finished","steps":[],"attachments":[],"parameters":[],"start":1745752856339,"stop":1745752856359},{"name":"$(\"by text: Сбросить фильтры\") click()","status":"passed","stage":"finished","steps":[],"attachments":[],"parameters":[],"start":1745752856359,"stop":1745752856731},{"name":"$(\"by text: Сначала новые\") click()","status":"passed","stage":"finished","steps":[],"attachments":[],"parameters":[],"start":1745752856742,"stop":1745752857082},{"name":"$(\"by text: По лайкам\") click()","status":"passed","stage":"finished","steps":[],"attachments":[],"parameters":[],"start":1745752857082,"stop":1745752857171},{"name":"$(\"by text: По лайкам\") click()","status":"passed","stage":"finished","steps":[],"attachments":[],"parameters":[],"start":1745752857171,"stop":1745752857471},{"name":"$(\"by text: По просмотрам\") click()","status":"passed","stage":"finished","steps":[],"attachments":[],"parameters":[],"start":1745752857471,"stop":1745752857543},{"name":"$(\"by text: По просмотрам\") click()","status":"passed","stage":"finished","steps":[],"attachments":[],"parameters":[],"start":1745752857543,"stop":1745752857871},{"name":"$(\"by text: По комментариям\") click()","status":"passed","stage":"finished","steps":[],"attachments":[],"parameters":[],"start":1745752857871,"stop":1745752858095},{"name":"$(\"by text: По комментариям\") click()","status":"passed","stage":"finished","steps":[],"attachments":[],"parameters":[],"start":1745752858095,"stop":1745752858371},{"name":"$(\"by text: Сначала новые\") click()","status":"passed","stage":"finished","steps":[],"attachments":[],"parameters":[],"start":1745752858371,"stop":1745752858533},{"name":"$(\"by text: Сначала новые\") click()","status":"passed","stage":"finished","steps":[],"attachments":[],"parameters":[],"start":1745752858533,"stop":1745752858744},{"name":"$(\"#search-field\") should be(visible)","status":"passed","stage":"finished","steps":[],"attachments":[],"parameters":[],"start":1745752858744,"stop":1745752858759},{"name":"$(\"by text: Все видео\") should be(visible)","status":"passed","stage":"finished","steps":[],"attachments":[],"parameters":[],"start":1745752858759,"stop":1745752858776},{"name":"$(\"by text: Каналы\") should be(visible)","status":"passed","stage":"finished","steps":[],"attachments":[],"parameters":[],"start":1745752858776,"stop":1745752858788},{"name":"$(\"by text: Мои видео\") should be(visible)","status":"passed","stage":"finished","steps":[],"attachments":[],"parameters":[],"start":1745752858788,"stop":1745752858801},{"name":"$(\"by text: История\") should be(visible)","status":"passed","stage":"finished","steps":[],"attachments":[],"parameters":[],"start":1745752858801,"stop":1745752858813},{"name":"$(\"by text: ВСЕ\") should be(visible)","status":"passed","stage":"finished","steps":[],"attachments":[],"parameters":[],"start":1745752858813,"stop":1745752858826},{"name":"$(\"div.MuiGrid2-root.MuiGrid2-direction-xs-row[0]/div.MuiBox-root\") should be(visible)","status":"passed","stage":"finished","steps":[],"attachments":[],"parameters":[],"start":1745752858828,"stop":1745752858849},{"name":"$(\"div.MuiGrid2-root.MuiGrid2-direction-xs-row[0]/h6\") should be(visible)","status":"passed","stage":"finished","steps":[],"attachments":[],"parameters":[],"start":1745752858849,"stop":1745752858873},{"name":"$(\"div.MuiGrid2-root.MuiGrid2-direction-xs-row[0]/span, p\") should be(visible)","status":"passed","stage":"finished","steps":[],"attachments":[],"parameters":[],"start":1745752858873,"stop":1745752858897},{"name":"$(\"div.MuiGrid2-root.MuiGrid2-direction-xs-row[0]\") should have(text \"2025\")","status":"passed","stage":"finished","steps":[],"attachments":[],"parameters":[],"start":1745752858897,"stop":1745752859103},{"name":"$(\"div.MuiGrid2-root.MuiGrid2-direction-xs-row[0]/svg.MuiSvgIcon-root\") should be(visible)","status":"passed","stage":"finished","steps":[],"attachments":[],"parameters":[],"start":1745752859104,"stop":1745752859126},{"name":"$(\"div.MuiGrid2-root.MuiGrid2-direction-xs-row[0]/span.MuiTypography-root\") should be(visible)","status":"passed","stage":"finished","steps":[],"attachments":[],"parameters":[],"start":1745752859126,"stop":1745752859144},{"name":"$(\"refresh\") ","status":"passed","stage":"finished","steps":[],"attachments":[],"parameters":[],"start":1745752859144,"stop":1745752859324},{"name":"$(\"[class*='css-1du517f']\") scroll into view(true)","status":"passed","stage":"finished","steps":[],"attachments":[],"parameters":[],"start":1745752859325,"stop":1745752861046},{"name":"$(\"[class*='css-1du517f']\") should be(visible)","status":"passed","stage":"finished","steps":[],"attachments":[],"parameters":[],"start":1745752861049,"stop":1745752861211},{"name":"$(\"[class*='css-1du517f']\") scroll into view(true)","status":"passed","stage":"finished","steps":[],"attachments":[],"parameters":[],"start":1745752861211,"stop":1745752861221},{"name":"$(\"[class*='css-1du517f']\") should be(visible)","status":"passed","stage":"finished","steps":[],"attachments":[],"parameters":[],"start":1745752861221,"stop":1745752861239},{"name":"$(\"[class*='css-1du517f']\") click()","status":"passed","stage":"finished","steps":[],"attachments":[],"parameters":[],"start":1745752861239,"stop":1745752861390},{"name":"$(\"img.MuiBox-root.css-se6dv\") should not be(visible)","status":"passed","stage":"finished","steps":[],"attachments":[],"parameters":[],"start":1745752864403,"stop":1745752864415},{"name":"$(\"open\") https://frontend-test.dev.dion.vc/video/channels","status":"passed","stage":"finished","steps":[],"attachments":[],"parameters":[],"start":1745752869124,"stop":1745752869314},{"name":"$(\"By.xpath: //button[.='Создать канал']\") should be(visible)","status":"passed","stage":"finished","steps":[],"attachments":[],"parameters":[],"start":1745752869314,"stop":1745752870700},{"name":"$(\"By.xpath: //button[.='Создать канал']\") click()","status":"passed","stage":"finished","steps":[],"attachments":[],"parameters":[],"start":1745752870700,"stop":1745752870755},{"name":"$(\"By.xpath: //input[@placeholder='Придумайте понятное название']\") should be(visible)","status":"passed","stage":"finished","steps":[],"attachments":[],"parameters":[],"start":1745752870755,"stop":1745752871105},{"name":"$(\"By.xpath: //input[@placeholder='Придумайте понятное название']\") set value(ТЕСТ9958)","status":"passed","stage":"finished","steps":[],"attachments":[],"parameters":[],"start":1745752871105,"stop":1745752871221},{"name":"$(\"By.xpath: //textarea[@placeholder='Описание канала']\") should be(visible)","status":"passed","stage":"finished","steps":[],"attachments":[],"parameters":[],"start":1745752871223,"stop":1745752871244},{"name":"$(\"By.xpath: //textarea[@placeholder='Описание канала']\") set value(Описание канала)","status":"passed","stage":"finished","steps":[],"attachments":[],"parameters":[],"start":1745752871244,"stop":1745752871341},{"name":"$(\"input[type='file']\") upload file(C:\\Dion_tests\\dion_tests\\test_img\\1.jpg)","status":"passed","stage":"finished","steps":[],"attachments":[],"parameters":[],"start":1745752871341,"stop":1745752871408},{"name":"$(\"by text: Сохранить/By.xpath: ancestor::button[1]\") click()","status":"passed","stage":"finished","steps":[],"attachments":[],"parameters":[],"start":1745752871412,"stop":1745752871601},{"name":"$(\"By.xpath: //button[.='Далее']\") should be(visible)","status":"passed","stage":"finished","steps":[],"attachments":[],"parameters":[],"start":1745752871601,"stop":1745752871622},{"name":"$(\"By.xpath: //button[.='Далее']\") click()","status":"passed","stage":"finished","steps":[],"attachments":[],"parameters":[],"start":1745752871622,"stop":1745752871835},{"name":"$(\"[role='combobox']\") click()","status":"passed","stage":"finished","steps":[],"attachments":[],"parameters":[],"start":1745752873846,"stop":1745752873904},{"name":"$(\"by text: Доступен выбранным пользователям\") should be(visible)","status":"passed","stage":"finished","steps":[],"attachments":[],"parameters":[],"start":1745752875908,"stop":1745752875923},{"name":"$(\"by text: Доступен выбранным пользователям\") click()","status":"passed","stage":"finished","steps":[],"attachments":[],"parameters":[],"start":1745752875923,"stop":1745752875968},{"name":"$(\"[role='combobox']\") should have(text \"Доступен выбранным пользователям\")","status":"passed","stage":"finished","steps":[],"attachments":[],"parameters":[],"start":1745752875968,"stop":1745752875981},{"name":"$(\"by text: Добавить пользователей\") should be(visible)","status":"passed","stage":"finished","steps":[],"attachments":[],"parameters":[],"start":1745752875981,"stop":1745752875996},{"name":"$(\"by text: Добавить пользователей\") click()","status":"passed","stage":"finished","steps":[],"attachments":[],"parameters":[],"start":1745752875996,"stop":1745752876285},{"name":"$(\"input[placeholder='Поиск']\") should be(visible)","status":"passed","stage":"finished","steps":[],"attachments":[],"parameters":[],"start":1745752876285,"stop":1745752876300},{"name":"$(\"input[placeholder='Поиск']\") set value(Anna)","status":"passed","stage":"finished","steps":[],"attachments":[],"parameters":[],"start":1745752876300,"stop":1745752876375},{"name":"$(\"input[type='checkbox']/By.xpath: ..\") click()","status":"passed","stage":"finished","steps":[],"attachments":[],"parameters":[],"start":1745752876375,"stop":1745752876892},{"name":"$(\"by text: Добавить\") should be(enabled)","status":"passed","stage":"finished","steps":[],"attachments":[],"parameters":[],"start":1745752876892,"stop":1745752876904},{"name":"$(\"by text: Добавить\") click()","status":"passed","stage":"finished","steps":[],"attachments":[],"parameters":[],"start":1745752876904,"stop":1745752876963},{"name":"$(\"By.xpath: //button[.//span[text()='Создать канал']]\") scroll into view(true)","status":"passed","stage":"finished","steps":[],"attachments":[],"parameters":[],"start":1745752876963,"stop":1745752876975},{"name":"$(\"By.xpath: //button[.//span[text()='Создать канал']]\") should be(visible)","status":"passed","stage":"finished","steps":[],"attachments":[],"parameters":[],"start":1745752877977,"stop":1745752877989},{"name":"$(\"By.xpath: //button[.//span[text()='Создать канал']]\") click()","status":"passed","stage":"finished","steps":[],"attachments":[],"parameters":[],"start":1745752877989,"stop":1745752878036},{"name":"$(\"open\") https://frontend-test.dev.dion.vc/video/channel/bbf7720c-09e2-4385-a0dd-3116c90af7a0","status":"passed","stage":"finished","steps":[],"attachments":[],"parameters":[],"start":1745752883039,"stop":1745752883264},{"name":"$(\"h4\") should have(text \"fdsdfsd\")","status":"passed","stage":"finished","steps":[],"attachments":[],"parameters":[],"start":1745752883265,"stop":1745752885041},{"name":"$(\"by text: 1 участник\") should be(visible)","status":"passed","stage":"finished","steps":[],"attachments":[],"parameters":[],"start":1745752885042,"stop":1745752885054},{"name":"$(\"by text: 0 видео\") should be(visible)","status":"passed","stage":"finished","steps":[],"attachments":[],"parameters":[],"start":1745752885055,"stop":1745752885205},{"name":"$(\"by text: dfdsff\") should be(visible)","status":"passed","stage":"finished","steps":[],"attachments":[],"parameters":[],"start":1745752885205,"stop":1745752885239},{"name":"$(\"by text: Подробнее\") should be(visible)","status":"passed","stage":"finished","steps":[],"attachments":[],"parameters":[],"start":1745752885239,"stop":1745752885252},{"name":"$(\"by text: Подписаться\") should be(visible)","status":"passed","stage":"finished","steps":[],"attachments":[],"parameters":[],"start":1745752885252,"stop":1745752885264},{"name":"$(\"by text: Видео канала\") should be(visible)","status":"passed","stage":"finished","steps":[],"attachments":[],"parameters":[],"start":1745752885264,"stop":1745752885276},{"name":"$(\"by text: Плейлисты\") should be(visible)","status":"passed","stage":"finished","steps":[],"attachments":[],"parameters":[],"start":1745752885276,"stop":1745752885290},{"name":"$(\"by text: О канале\") should be(visible)","status":"passed","stage":"finished","steps":[],"attachments":[],"parameters":[],"start":1745752885290,"stop":1745752885309},{"name":"$(\"by text: На канале еще нет видео\") should be(visible)","status":"passed","stage":"finished","steps":[],"attachments":[],"parameters":[],"start":1745752885309,"stop":1745752885323},{"name":"$(\"by text: Подписаться\") should be(visible)","status":"passed","stage":"finished","steps":[],"attachments":[],"parameters":[],"start":1745752885323,"stop":1745752885346},{"name":"$(\"by text: Подписаться\") click()","status":"passed","stage":"finished","steps":[],"attachments":[],"parameters":[],"start":1745752885346,"stop":1745752885379},{"name":"$(\"by text: Вы подписаны\") should be(visible)","status":"passed","stage":"finished","steps":[],"attachments":[],"parameters":[],"start":1745752885379,"stop":1745752885817},{"name":"$(\"refresh\") ","status":"passed","stage":"finished","steps":[],"attachments":[],"parameters":[],"start":1745752885817,"stop":1745752885991},{"name":"$(\"by text: Вы подписаны\") should be(visible)","status":"passed","stage":"finished","steps":[],"attachments":[],"parameters":[],"start":1745752885993,"stop":1745752887467},{"name":"$(\"by text: Вы подписаны\") click()","status":"failed","statusDetails":{"known":false,"muted":false,"flaky":false,"message":"Invalid element state [by text: Вы подписаны]: element click intercepted: Element <span class=\"button-content\" style=\"overflow: hidden; text-overflow: ellipsis; white-space: nowrap;\">...</span> is not clickable at point (1447, 366). Other element would receive the click: <button class=\"MuiButtonBase-root MuiButton-root MuiButton-color MuiButton-colorSuccess MuiButton-sizeM MuiButton-colorSizeM MuiButton-colorSuccess MuiButton-fullWidth MuiButton-root MuiButton-color MuiButton-colorSuccess MuiButton-sizeM MuiButton-colorSizeM MuiButton-colorSuccess MuiButton-fullWidth button-size-m css-j0fo1k\" tabindex=\"0\" type=\"button\" originalchildren=\"Вы подписаны\">...</button>\r\nScreenshot: file:/C:/Dion_tests/dion_tests/build/reports/tests/1745752897541.0.png\r\nPage source: file:/C:/Dion_tests/dion_tests/build/reports/tests/1745752897541.0.html\r\nTimeout: 10 s.\r\nCaused by: ElementClickInterceptedException: element click intercepted: Element <span class=\"button-content\" style=\"overflow: hidden; text-overflow: ellipsis; white-space: nowrap;\">...</span> is not clickable at point (1447, 366). Other element would receive the click: <button class=\"MuiButtonBase-root MuiButton-root MuiButton-color MuiButton-colorSuccess MuiButton-sizeM MuiButton-colorSizeM MuiButton-colorSuccess MuiButton-fullWidth MuiButton-root MuiButton-color MuiButton-colorSuccess MuiButton-sizeM MuiButton-colorSizeM MuiButton-colorSuccess MuiButton-fullWidth button-size-m css-j0fo1k\" tabindex=\"0\" type=\"button\" originalchildren=\"Вы подписаны\">...</button>","trace":"Invalid element state [by text: Вы подписаны]: element click intercepted: Element <span class=\"button-content\" style=\"overflow: hidden; text-overflow: ellipsis; white-space: nowrap;\">...</span> is not clickable at point (1447, 366). Other element would receive the click: <button class=\"MuiButtonBase-root MuiButton-root MuiButton-color MuiButton-colorSuccess MuiButton-sizeM MuiButton-colorSizeM MuiButton-colorSuccess MuiButton-fullWidth MuiButton-root MuiButton-color MuiButton-colorSuccess MuiButton-sizeM MuiButton-colorSizeM MuiButton-colorSuccess MuiButton-fullWidth button-size-m css-j0fo1k\" tabindex=\"0\" type=\"button\" originalchildren=\"Вы подписаны\">...</button>\r\nScreenshot: file:/C:/Dion_tests/dion_tests/build/reports/tests/1745752897541.0.png\r\nPage source: file:/C:/Dion_tests/dion_tests/build/reports/tests/1745752897541.0.html\r\nTimeout: 10 s.\r\nCaused by: ElementClickInterceptedException: element click intercepted: Element <span class=\"button-content\" style=\"overflow: hidden; text-overflow: ellipsis; white-space: nowrap;\">...</span> is not clickable at point (1447, 366). Other element would receive the click: <button class=\"MuiButtonBase-root MuiButton-root MuiButton-color MuiButton-colorSuccess MuiButton-sizeM MuiButton-colorSizeM MuiButton-colorSuccess MuiButton-fullWidth MuiButton-root MuiButton-color MuiButton-colorSuccess MuiButton-sizeM MuiButton-colorSizeM MuiButton-colorSuccess MuiButton-fullWidth button-size-m css-j0fo1k\" tabindex=\"0\" type=\"button\" originalchildren=\"Вы подписаны\">...</button>\r\n\tat com.codeborne.selenide.impl.ExceptionWrapper.wrap(ExceptionWrapper.java:26)\r\n\tat com.codeborne.selenide.impl.SelenideElementProxy.dispatchAndRetry(SelenideElementProxy.java:154)\r\n\tat com.codeborne.selenide.impl.SelenideElementProxy.invoke(SelenideElementProxy.java:84)\r\n\tat jdk.proxy2/jdk.proxy2.$Proxy17.click(Unknown Source)\r\n\tat dion_tests.pages.ChannelPage.unsubscribeFromChannel(ChannelPage.java:81)\r\n\tat dion_tests.tests.SmokeTest.checkChannelElementsAndSubscribe(SmokeTest.java:93)\r\n\tat dion_tests.tests.SmokeTest.shouldPassSmokeTest(SmokeTest.java:35)\r\n\tat java.base/jdk.internal.reflect.DirectMethodHandleAccessor.invoke(DirectMethodHandleAccessor.java:103)\r\n\tat java.base/java.lang.reflect.Method.invoke(Method.java:580)\r\n\tat org.junit.platform.commons.util.ReflectionUtils.invokeMethod(ReflectionUtils.java:727)\r\n\tat org.junit.jupiter.engine.execution.MethodInvocation.proceed(MethodInvocation.java:60)\r\n\tat org.junit.jupiter.engine.execution.InvocationInterceptorChain$ValidatingInvocation.proceed(InvocationInterceptorChain.java:131)\r\n\tat org.junit.jupiter.api.extension.InvocationInterceptor.interceptTestMethod(InvocationInterceptor.java:118)\r\n\tat org.junit.jupiter.engine.execution.InterceptingExecutableInvoker$ReflectiveInterceptorCall.lambda$ofVoidMethod$0(InterceptingExecutableInvoker.java:103)\r\n\tat org.junit.jupiter.engine.execution.InterceptingExecutableInvoker.lambda$invoke$0(InterceptingExecutableInvoker.java:93)\r\n\tat org.junit.jupiter.engine.execution.InvocationInterceptorChain$InterceptedInvocation.proceed(InvocationInterceptorChain.java:106)\r\n\tat org.junit.jupiter.engine.extension.TimeoutExtension.intercept(TimeoutExtension.java:156)\r\n\tat org.junit.jupiter.engine.extension.TimeoutExtension.interceptTestableMethod(TimeoutExtension.java:147)\r\n\tat org.junit.jupiter.engine.extension.TimeoutExtension.interceptTestMethod(TimeoutExtension.java:86)\r\n\tat org.junit.jupiter.engine.execution.InterceptingExecutableInvoker$ReflectiveInterceptorCall.lambda$ofVoidMethod$0(InterceptingExecutableInvoker.java:103)\r\n\tat org.junit.jupiter.engine.execution.InterceptingExecutableInvoker.lambda$invoke$0(InterceptingExecutableInvoker.java:93)\r\n\tat org.junit.jupiter.engine.execution.InvocationInterceptorChain$InterceptedInvocation.proceed(InvocationInterceptorChain.java:106)\r\n\tat org.junit.jupiter.engine.execution.InvocationInterceptorChain.proceed(InvocationInterceptorChain.java:64)\r\n\tat org.junit.jupiter.engine.execution.InvocationInterceptorChain.chainAndInvoke(InvocationInterceptorChain.java:45)\r\n\tat org.junit.jupiter.engine.execution.InvocationInterceptorChain.invoke(InvocationInterceptorChain.java:37)\r\n\tat org.junit.jupiter.engine.execution.InterceptingExecutableInvoker.invoke(InterceptingExecutableInvoker.java:92)\r\n\tat org.junit.jupiter.engine.execution.InterceptingExecutableInvoker.invoke(InterceptingExecutableInvoker.java:86)\r\n\tat org.junit.jupiter.engine.descriptor.TestMethodTestDescriptor.lambda$invokeTestMethod$7(TestMethodTestDescriptor.java:217)\r\n\tat org.junit.platform.engine.support.hierarchical.ThrowableCollector.execute(ThrowableCollector.java:73)\r\n\tat org.junit.jupiter.engine.descriptor.TestMethodTestDescriptor.invokeTestMethod(TestMethodTestDescriptor.java:213)\r\n\tat org.junit.jupiter.engine.descriptor.TestMethodTestDescriptor.execute(TestMethodTestDescriptor.java:138)\r\n\tat org.junit.jupiter.engine.descriptor.TestMethodTestDescriptor.execute(TestMethodTestDescriptor.java:68)\r\n\tat org.junit.platform.engine.support.hierarchical.NodeTestTask.lambda$executeRecursively$6(NodeTestTask.java:151)\r\n\tat org.junit.platform.engine.support.hierarchical.ThrowableCollector.execute(ThrowableCollector.java:73)\r\n\tat org.junit.platform.engine.support.hierarchical.NodeTestTask.lambda$executeRecursively$8(NodeTestTask.java:141)\r\n\tat org.junit.platform.engine.support.hierarchical.Node.around(Node.java:137)\r\n\tat org.junit.platform.engine.support.hierarchical.NodeTestTask.lambda$executeRecursively$9(NodeTestTask.java:139)\r\n\tat org.junit.platform.engine.support.hierarchical.ThrowableCollector.execute(ThrowableCollector.java:73)\r\n\tat org.junit.platform.engine.support.hierarchical.NodeTestTask.executeRecursively(NodeTestTask.java:138)\r\n\tat org.junit.platform.engine.support.hierarchical.NodeTestTask.execute(NodeTestTask.java:95)\r\n\tat java.base/java.util.ArrayList.forEach(ArrayList.java:1597)\r\n\tat org.junit.platform.engine.support.hierarchical.SameThreadHierarchicalTestExecutorService.invokeAll(SameThreadHierarchicalTestExecutorService.java:41)\r\n\tat org.junit.platform.engine.support.hierarchical.NodeTestTask.lambda$executeRecursively$6(NodeTestTask.java:155)\r\n\tat org.junit.platform.engine.support.hierarchical.ThrowableCollector.execute(ThrowableCollector.java:73)\r\n\tat org.junit.platform.engine.support.hierarchical.NodeTestTask.lambda$executeRecursively$8(NodeTestTask.java:141)\r\n\tat org.junit.platform.engine.support.hierarchical.Node.around(Node.java:137)\r\n\tat org.junit.platform.engine.support.hierarchical.NodeTestTask.lambda$executeRecursively$9(NodeTestTask.java:139)\r\n\tat org.junit.platform.engine.support.hierarchical.ThrowableCollector.execute(ThrowableCollector.java:73)\r\n\tat org.junit.platform.engine.support.hierarchical.NodeTestTask.executeRecursively(NodeTestTask.java:138)\r\n\tat org.junit.platform.engine.support.hierarchical.NodeTestTask.execute(NodeTestTask.java:95)\r\n\tat java.base/java.util.ArrayList.forEach(ArrayList.java:1597)\r\n\tat org.junit.platform.engine.support.hierarchical.SameThreadHierarchicalTestExecutorService.invokeAll(SameThreadHierarchicalTestExecutorService.java:41)\r\n\tat org.junit.platform.engine.support.hierarchical.NodeTestTask.lambda$executeRecursively$6(NodeTestTask.java:155)\r\n\tat org.junit.platform.engine.support.hierarchical.ThrowableCollector.execute(ThrowableCollector.java:73)\r\n\tat org.junit.platform.engine.support.hierarchical.NodeTestTask.lambda$executeRecursively$8(NodeTestTask.java:141)\r\n\tat org.junit.platform.engine.support.hierarchical.Node.around(Node.java:137)\r\n\tat org.junit.platform.engine.support.hierarchical.NodeTestTask.lambda$executeRecursively$9(NodeTestTask.java:139)\r\n\tat org.junit.platform.engine.support.hierarchical.ThrowableCollector.execute(ThrowableCollector.java:73)\r\n\tat org.junit.platform.engine.support.hierarchical.NodeTestTask.executeRecursively(NodeTestTask.java:138)\r\n\tat org.junit.platform.engine.support.hierarchical.NodeTestTask.execute(NodeTestTask.java:95)\r\n\tat org.junit.platform.engine.support.hierarchical.SameThreadHierarchicalTestExecutorService.submit(SameThreadHierarchicalTestExecutorService.java:35)\r\n\tat org.junit.platform.engine.support.hierarchical.HierarchicalTestExecutor.execute(HierarchicalTestExecutor.java:57)\r\n\tat org.junit.platform.engine.support.hierarchical.HierarchicalTestEngine.execute(HierarchicalTestEngine.java:54)\r\n\tat org.junit.platform.launcher.core.EngineExecutionOrchestrator.execute(EngineExecutionOrchestrator.java:147)\r\n\tat org.junit.platform.launcher.core.EngineExecutionOrchestrator.execute(EngineExecutionOrchestrator.java:127)\r\n\tat org.junit.platform.launcher.core.EngineExecutionOrchestrator.execute(EngineExecutionOrchestrator.java:90)\r\n\tat org.junit.platform.launcher.core.EngineExecutionOrchestrator.lambda$execute$0(EngineExecutionOrchestrator.java:55)\r\n\tat org.junit.platform.launcher.core.EngineExecutionOrchestrator.withInterceptedStreams(EngineExecutionOrchestrator.java:102)\r\n\tat org.junit.platform.launcher.core.EngineExecutionOrchestrator.execute(EngineExecutionOrchestrator.java:54)\r\n\tat org.junit.platform.launcher.core.DefaultLauncher.execute(DefaultLauncher.java:114)\r\n\tat org.junit.platform.launcher.core.DefaultLauncher.execute(DefaultLauncher.java:86)\r\n\tat org.junit.platform.launcher.core.DefaultLauncherSession$DelegatingLauncher.execute(DefaultLauncherSession.java:86)\r\n\tat org.junit.platform.launcher.core.SessionPerRequestLauncher.execute(SessionPerRequestLauncher.java:53)\r\n\tat org.apache.maven.surefire.junitplatform.JUnitPlatformProvider.invokeAllTests(JUnitPlatformProvider.java:142)\r\n\tat org.apache.maven.surefire.junitplatform.JUnitPlatformProvider.invoke(JUnitPlatformProvider.java:117)\r\n\tat org.apache.maven.surefire.booter.ForkedBooter.invokeProviderInSameClassLoader(ForkedBooter.java:384)\r\n\tat org.apache.maven.surefire.booter.ForkedBooter.runSuitesInProcess(ForkedBooter.java:345)\r\n\tat org.apache.maven.surefire.booter.ForkedBooter.execute(ForkedBooter.java:126)\r\n\tat org.apache.maven.surefire.booter.ForkedBooter.main(ForkedBooter.java:418)\r\nCaused by: org.openqa.selenium.ElementClickInterceptedException: element click intercepted: Element <span class=\"button-content\" style=\"overflow: hidden; text-overflow: ellipsis; white-space: nowrap;\">...</span> is not clickable at point (1447, 366). Other element would receive the click: <button class=\"MuiButtonBase-root MuiButton-root MuiButton-color MuiButton-colorSuccess MuiButton-sizeM MuiButton-colorSizeM MuiButton-colorSuccess MuiButton-fullWidth MuiButton-root MuiButton-color MuiButton-colorSuccess MuiButton-sizeM MuiButton-colorSizeM MuiButton-colorSuccess MuiButton-fullWidth button-size-m css-j0fo1k\" tabindex=\"0\" type=\"button\" originalchildren=\"Вы подписаны\">...</button>\n  (Session info: chrome=135.0.7049.115)\nBuild info: version: '4.11.0', revision: '040bc5406b'\nSystem info: os.name: 'Windows 11', os.arch: 'amd64', os.version: '10.0', java.version: '23.0.2'\nDriver info: org.openqa.selenium.chrome.ChromeDriver\nCommand: [759f58436eea8acf7b722625cbf3a9c0, clickElement {id=f.38C7AC65B81A41DDB8FC671C41978B22.d.BABFE81123A2CFEC9F75EF3603EBDEA0.e.442}]\nCapabilities {acceptInsecureCerts: true, browserName: chrome, browserVersion: 135.0.7049.115, chrome: {chromedriverVersion: 135.0.7049.114 (63fd8a7d9d0..., userDataDir: C:/temp/test-profile}, fedcm:accounts: true, goog:chromeOptions: {debuggerAddress: localhost:60924}, networkConnectionEnabled: false, pageLoadStrategy: normal, platformName: windows, proxy: Proxy(), se:cdp: ws://localhost:60924/devtoo..., se:cdpVersion: 135.0.7049.115, setWindowRect: true, strictFileInteractability: false, timeouts: {implicit: 0, pageLoad: 300000, script: 30000}, unhandledPromptBehavior: accept, webauthn:extension:credBlob: true, webauthn:extension:largeBlob: true, webauthn:extension:minPinLength: true, webauthn:extension:prf: true, webauthn:virtualAuthenticators: true}\nElement: [[ChromeDriver: chrome on windows (759f58436eea8acf7b722625cbf3a9c0)] -> xpath: .//*/text()[normalize-space(translate(string(.), '\t\n\r ', '    ')) = \"Вы подписаны\"]/parent::*]\nSession ID: 759f58436eea8acf7b722625cbf3a9c0\r\n\tat java.base/jdk.internal.reflect.DirectConstructorHandleAccessor.newInstance(DirectConstructorHandleAccessor.java:62)\r\n\tat java.base/java.lang.reflect.Constructor.newInstanceWithCaller(Constructor.java:501)\r\n\tat java.base/java.lang.reflect.Constructor.newInstance(Constructor.java:485)\r\n\tat org.openqa.selenium.remote.codec.w3c.W3CHttpResponseCodec.createException(W3CHttpResponseCodec.java:200)\r\n\tat org.openqa.selenium.remote.codec.w3c.W3CHttpResponseCodec.decode(W3CHttpResponseCodec.java:133)\r\n\tat org.openqa.selenium.remote.codec.w3c.W3CHttpResponseCodec.decode(W3CHttpResponseCodec.java:52)\r\n\tat org.openqa.selenium.remote.HttpCommandExecutor.execute(HttpCommandExecutor.java:191)\r\n\tat org.openqa.selenium.remote.service.DriverCommandExecutor.invokeExecute(DriverCommandExecutor.java:196)\r\n\tat org.openqa.selenium.remote.service.DriverCommandExecutor.execute(DriverCommandExecutor.java:171)\r\n\tat org.openqa.selenium.remote.RemoteWebDriver.execute(RemoteWebDriver.java:518)\r\n\tat org.openqa.selenium.remote.RemoteWebElement.execute(RemoteWebElement.java:224)\r\n\tat org.openqa.selenium.remote.RemoteWebElement.click(RemoteWebElement.java:77)\r\n\tat com.codeborne.selenide.commands.Click.defaultClick(Click.java:97)\r\n\tat com.codeborne.selenide.commands.Click.click(Click.java:54)\r\n\tat com.codeborne.selenide.commands.Click.execute(Click.java:31)\r\n\tat com.codeborne.selenide.commands.Click.execute(Click.java:21)\r\n\tat com.codeborne.selenide.commands.Commands.execute(Commands.java:163)\r\n\tat com.codeborne.selenide.impl.SelenideElementProxy.dispatchAndRetry(SelenideElementProxy.java:132)\r\n\t... 77 more\r\n"},"stage":"finished","steps":[],"attachments":[{"name":"Screenshot","source":"310ec95e-8b7e-4d3a-9fae-e43ab0fca9a9-attachment.png","type":"image/png"}],"parameters":[],"start":1745752887467,"stop":1745752897857}],"attachments":[],"parameters":[],"start":1745752854468,"stop":1745752897878}